<?xml version="1.0" encoding="UTF-8"?>
<testsuite name="com.epam.esm.service.impl.GiftCertificateServiceImplTest" tests="9" skipped="0" failures="0" errors="0" timestamp="2021-04-13T18:00:14" hostname="URI" time="0.969">
  <properties/>
  <testcase name="update()" classname="com.epam.esm.service.impl.GiftCertificateServiceImplTest" time="0.912"/>
  <testcase name="testFindShouldReturnListCertificateDtoWhenTagNamePassed()" classname="com.epam.esm.service.impl.GiftCertificateServiceImplTest" time="0.022"/>
  <testcase name="testGetAllShouldReturnGiftCertificateList()" classname="com.epam.esm.service.impl.GiftCertificateServiceImplTest" time="0.007"/>
  <testcase name="testSaveShouldReturnCertificateId()" classname="com.epam.esm.service.impl.GiftCertificateServiceImplTest" time="0.005"/>
  <testcase name="testFindShouldReturnListCertificateDtoWhenTagNameAndPartNameOrDescriptionPassed()" classname="com.epam.esm.service.impl.GiftCertificateServiceImplTest" time="0.004"/>
  <testcase name="testFindShouldReturnListCertificateDtoWhenPartNameOrDescriptionPassed()" classname="com.epam.esm.service.impl.GiftCertificateServiceImplTest" time="0.005"/>
  <testcase name="testDelete()" classname="com.epam.esm.service.impl.GiftCertificateServiceImplTest" time="0.003"/>
  <testcase name="testFindShouldReturnEmptyListWhenParametersNotPassed()" classname="com.epam.esm.service.impl.GiftCertificateServiceImplTest" time="0.002"/>
  <testcase name="testGetByIdShouldReturnGiftCertificate()" classname="com.epam.esm.service.impl.GiftCertificateServiceImplTest" time="0.003"/>
  <system-out><![CDATA[]]></system-out>
  <system-err><![CDATA[]]></system-err>
</testsuite>
